<?xml version="1.0" encoding="UTF-8"?>
<robot generator="Robot 3.1.2 (Python 3.7.4 on linux)" generated="20200227 09:53:12.526" rpa="false">
<suite id="s1" name="Test1" source="/home/thantse/robotframework_tests/test1/Tests/test1.Robot">
<test id="s1-t1" name="Check my own Keywords">
<kw name="Keyword_1" library="resource">
<arguments>
<arg>&amp;{my_args}</arg>
</arguments>
<kw name="My Keyword" library="library">
<arguments>
<arg>&amp;{kwargs}</arg>
</arguments>
<msg timestamp="20200227 09:53:12.577" level="INFO">brand Ford
model Mustang
year 1964</msg>
<status status="PASS" starttime="20200227 09:53:12.575" endtime="20200227 09:53:12.577"></status>
</kw>
<status status="PASS" starttime="20200227 09:53:12.575" endtime="20200227 09:53:12.577"></status>
</kw>
<status status="PASS" starttime="20200227 09:53:12.574" endtime="20200227 09:53:12.577" critical="yes"></status>
</test>
<doc>Simple implementation to check resource file functionality</doc>
<status status="PASS" starttime="20200227 09:53:12.527" endtime="20200227 09:53:12.578"></status>
</suite>
<statistics>
<total>
<stat pass="1" fail="0">Critical Tests</stat>
<stat pass="1" fail="0">All Tests</stat>
</total>
<tag>
</tag>
<suite>
<stat pass="1" fail="0" id="s1" name="Test1">Test1</stat>
</suite>
</statistics>
<errors>
<msg timestamp="20200227 09:53:12.567" level="ERROR">Error in file '/home/thantse/robotframework_tests/test1/Resources/resource.resource': Non-existing setting 'Variable'.</msg>
</errors>
</robot>
